<?xml version="1.0" encoding="UTF-8"?>
<testsuite name="com.example.android.sandwich_club.ExampleUnitTest" tests="1" skipped="0" failures="0" errors="0" timestamp="2018-12-06T08:32:53" hostname="A2MD25740M.local" time="0.002">
  <properties/>
  <testcase name="addition_isCorrect" classname="com.example.android.sandwich_club.ExampleUnitTest" time="0.002"/>
  <system-out><![CDATA[]]></system-out>
  <system-err><![CDATA[]]></system-err>
</testsuite>
